[0619/184705.307:ERROR:process_reader_win.cc(123)] NtOpenThread: {Отказано в доступе} Процесс запросил доступ к объекту, но права на доступ не предоставлены. (0xc0000022)
[0619/184705.317:ERROR:exception_snapshot_win.cc(98)] thread ID 29656 not found in process
[0619/184705.336:ERROR:process_reader_win.cc(151)] SuspendThread: Отказано в доступе. (0x5)
[0619/184705.337:ERROR:process_reader_win.cc(151)] SuspendThread: Отказано в доступе. (0x5)
[0619/184705.337:ERROR:process_reader_win.cc(123)] NtOpenThread: {Отказано в доступе} Процесс запросил доступ к объекту, но права на доступ не предоставлены. (0xc0000022)
[0619/184705.337:ERROR:exception_snapshot_win.cc(98)] thread ID 30900 not found in process
[0702/220758.707:ERROR:process_reader_win.cc(151)] SuspendThread: Отказано в доступе. (0x5)
[0702/220758.723:ERROR:process_reader_win.cc(123)] NtOpenThread: {Отказано в доступе} Процесс запросил доступ к объекту, но права на доступ не предоставлены. (0xc0000022)
[0702/220758.738:ERROR:exception_snapshot_win.cc(98)] thread ID 287400 not found in process
[0702/220758.738:ERROR:process_reader_win.cc(151)] SuspendThread: Отказано в доступе. (0x5)
[0702/220758.738:ERROR:process_reader_win.cc(123)] NtOpenThread: {Отказано в доступе} Процесс запросил доступ к объекту, но права на доступ не предоставлены. (0xc0000022)
[0702/220758.738:ERROR:exception_snapshot_win.cc(98)] thread ID 240248 not found in process
[0702/220758.723:ERROR:process_reader_win.cc(123)] NtOpenThread: {Отказано в доступе} Процесс запросил доступ к объекту, но права на доступ не предоставлены. (0xc0000022)
[0702/220758.738:ERROR:exception_snapshot_win.cc(98)] thread ID 270028 not found in process
[0708/114101.191:ERROR:process_reader_win.cc(188)] ResumeThread: Параметр задан неверно. (0x57)
[0708/114101.200:ERROR:process_reader_win.cc(123)] NtOpenThread: Указан неверный код клиента. (0xc000000b)
[0708/114101.204:ERROR:process_reader_win.cc(123)] NtOpenThread: Указан неверный код клиента. (0xc000000b)
[0708/114101.204:ERROR:process_reader_win.cc(151)] SuspendThread: Отказано в доступе. (0x5)
[0708/114101.204:ERROR:process_reader_win.cc(123)] NtOpenThread: Указан неверный код клиента. (0xc000000b)
[0708/114101.204:ERROR:process_reader_win.cc(123)] NtOpenThread: Указан неверный код клиента. (0xc000000b)
[0708/114101.204:ERROR:process_reader_win.cc(123)] NtOpenThread: Указан неверный код клиента. (0xc000000b)
[0708/114101.204:ERROR:process_reader_win.cc(123)] NtOpenThread: Указан неверный код клиента. (0xc000000b)
[0708/114101.204:ERROR:process_reader_win.cc(123)] NtOpenThread: Указан неверный код клиента. (0xc000000b)
[0708/114101.204:ERROR:process_reader_win.cc(123)] NtOpenThread: Указан неверный код клиента. (0xc000000b)
[0708/114101.204:ERROR:process_reader_win.cc(123)] NtOpenThread: Указан неверный код клиента. (0xc000000b)
[0708/114101.204:ERROR:process_reader_win.cc(123)] NtOpenThread: Указан неверный код клиента. (0xc000000b)
[0708/114101.204:ERROR:process_reader_win.cc(123)] NtOpenThread: Указан неверный код клиента. (0xc000000b)
[0708/114101.204:ERROR:process_reader_win.cc(123)] NtOpenThread: Указан неверный код клиента. (0xc000000b)
[0708/114101.204:ERROR:exception_snapshot_win.cc(98)] thread ID 10556 not found in process
[0708/114101.204:ERROR:scoped_process_suspend.cc(40)] NtResumeProcess: Попытка доступа к процессу, выполняющему процедуру завершения. (0xc000010a)
